<?xml version="1.0" encoding="UTF-8"?>
<testng-results ignored="0" total="1" passed="1" failed="0" skipped="0">
  <reporter-output>
  </reporter-output>
  <suite started-at="2021-09-06T21:29:16Z" name="Default suite" finished-at="2021-09-06T21:29:26Z" duration-ms="9604">
    <groups>
    </groups>
    <test started-at="2021-09-06T21:29:16Z" name="Default test" finished-at="2021-09-06T21:29:26Z" duration-ms="9604">
      <class name="TestPaso.TestP_correcto">
        <test-method is-config="true" signature="abrir_chrome()[pri:0, instance:TestPaso.TestP_correcto@59e32960]" started-at="2021-09-06T21:29:16Z" name="abrir_chrome" finished-at="2021-09-06T21:29:24Z" duration-ms="7584" status="PASS">
          <reporter-output>
          </reporter-output>
        </test-method> <!-- abrir_chrome -->
        <test-method signature="login()[pri:0, instance:TestPaso.TestP_correcto@59e32960]" started-at="2021-09-06T21:29:24Z" name="login" finished-at="2021-09-06T21:29:24Z" duration-ms="522" status="PASS">
          <reporter-output>
          </reporter-output>
        </test-method> <!-- login -->
        <test-method is-config="true" signature="salir()[pri:0, instance:TestPaso.TestP_correcto@59e32960]" started-at="2021-09-06T21:29:24Z" name="salir" finished-at="2021-09-06T21:29:26Z" duration-ms="1434" status="PASS">
          <reporter-output>
          </reporter-output>
        </test-method> <!-- salir -->
      </class> <!-- TestPaso.TestP_correcto -->
    </test> <!-- Default test -->
  </suite> <!-- Default suite -->
</testng-results>
